<?xml version="1.0" encoding="UTF-8"?>
<!-- Generated by org.testng.reporters.JUnitReportReporter -->
<testsuite hostname="DESKTOP-6AQVSRL" failures="0" tests="3" name="com.webTest.LoginPageTest" time="1.985" errors="0" timestamp="2024-12-26T22:26:23 IST" skipped="0">
  <testcase classname="com.webTest.LoginPageTest" name="verifyTitle" time="0.034"/>
  <system-out/>
  <testcase classname="com.webTest.LoginPageTest" name="verifyLogin" time="1.934"/>
  <system-out/>
  <testcase classname="com.webTest.LoginPageTest" name="verifyCurrentUrl" time="0.017"/>
  <system-out/>
</testsuite> <!-- com.webTest.LoginPageTest -->
