<?xml version="1.0" encoding="UTF-8"?>
<!-- Generated by org.testng.reporters.JUnitReportReporter -->
<testsuite hostname="DESKTOP-6AQVSRL" failures="0" tests="5" name="com.webTest.DashboardTest" time="18.292" errors="0" timestamp="2024-12-26T22:27:23 IST" skipped="0">
  <testcase classname="com.webTest.DashboardTest" name="performLogin" time="2.062"/>
  <system-out/>
  <testcase classname="com.webTest.DashboardTest" name="verifyAdmin" time="1.858"/>
  <system-out/>
  <testcase classname="com.webTest.DashboardTest" name="searchByUserName" time="4.584"/>
  <system-out/>
  <testcase classname="com.webTest.DashboardTest" name="searchByUserRole" time="5.645"/>
  <system-out/>
  <testcase classname="com.webTest.DashboardTest" name="searchByStatus" time="4.143"/>
  <system-out/>
</testsuite> <!-- com.webTest.DashboardTest -->
